[2026-05-20 17:17:00,287: INFO: common: yaml file: config\config.yaml loaded successfully]
[2026-05-20 17:17:00,289: INFO: common: yaml file: params.yaml loaded successfully]
[2026-05-20 17:18:18,701: INFO: common: yaml file: config\config.yaml loaded successfully]
[2026-05-20 17:18:18,704: INFO: common: yaml file: params.yaml loaded successfully]
[2026-05-20 17:18:18,705: INFO: common: created directory at: artifacts]
[2026-05-20 17:18:18,707: INFO: common: created directory at: artifacts/data_ingestion]
[2026-05-20 17:20:12,868: INFO: common: yaml file: config\config.yaml loaded successfully]
[2026-05-20 17:20:12,872: INFO: common: yaml file: params.yaml loaded successfully]
[2026-05-20 17:20:12,873: INFO: common: created directory at: artifacts]
[2026-05-20 17:20:12,875: INFO: common: created directory at: artifacts/data_ingestion]
[2026-05-20 17:20:12,875: INFO: 1170291011: File already exists of size: ~ 11345 KB]
[2026-05-20 18:11:16,472: INFO: common: yaml file: config\config.yaml loaded successfully]
[2026-05-20 18:11:16,474: INFO: common: yaml file: params.yaml loaded successfully]
[2026-05-20 18:11:16,476: INFO: common: created directory at: artifacts]
[2026-05-20 18:11:16,476: INFO: common: created directory at: artifacts/prepare_base_model]
[2026-05-20 18:11:16,780: WARNING: saving_api: You are saving your model as an HDF5 file via `model.save()` or `keras.saving.save_model(model)`. This file format is considered legacy. We recommend using instead the native Keras format, e.g. `model.save('my_model.keras')` or `keras.saving.save_model(model, 'my_model.keras')`. ]
[2026-05-20 18:11:16,877: WARNING: config: TensorFlow GPU support is not available on native Windows for TensorFlow >= 2.11. Even if CUDA/cuDNN are installed, GPU will not be used. Please use WSL2 or the TensorFlow-DirectML plugin.]
[2026-05-20 18:11:16,934: WARNING: saving_api: You are saving your model as an HDF5 file via `model.save()` or `keras.saving.save_model(model)`. This file format is considered legacy. We recommend using instead the native Keras format, e.g. `model.save('my_model.keras')` or `keras.saving.save_model(model, 'my_model.keras')`. ]
[2026-05-20 18:18:54,096: INFO: common: yaml file: config\config.yaml loaded successfully]
[2026-05-20 18:18:54,098: INFO: common: yaml file: params.yaml loaded successfully]
[2026-05-20 18:18:54,099: INFO: common: created directory at: artifacts]
[2026-05-20 18:18:54,100: INFO: common: created directory at: artifacts\prepare_callbacks\checkpoint_dir]
[2026-05-20 18:18:54,101: INFO: common: created directory at: artifacts\prepare_callbacks\tensorboard_log_dir]
[2026-05-20 18:26:41,254: INFO: common: yaml file: config\config.yaml loaded successfully]
[2026-05-20 18:26:41,256: INFO: common: yaml file: params.yaml loaded successfully]
[2026-05-20 18:26:41,257: INFO: common: created directory at: artifacts]
[2026-05-20 18:26:41,258: INFO: common: created directory at: artifacts\prepare_callbacks\checkpoint_dir]
[2026-05-20 18:26:41,259: INFO: common: created directory at: artifacts\prepare_callbacks\tensorboard_log_dir]
[2026-05-20 18:26:41,260: INFO: common: created directory at: artifacts\training]
[2026-05-20 18:26:41,457: WARNING: config: TensorFlow GPU support is not available on native Windows for TensorFlow >= 2.11. Even if CUDA/cuDNN are installed, GPU will not be used. Please use WSL2 or the TensorFlow-DirectML plugin.]
[2026-05-20 18:26:41,461: WARNING: saving_utils: Compiled the loaded model, but the compiled metrics have yet to be built. `model.compile_metrics` will be empty until you train or evaluate the model.]
[2026-05-20 18:28:21,160: INFO: common: yaml file: config\config.yaml loaded successfully]
[2026-05-20 18:28:21,162: INFO: common: yaml file: params.yaml loaded successfully]
[2026-05-20 18:28:21,163: INFO: common: created directory at: artifacts]
[2026-05-20 18:28:21,164: INFO: common: created directory at: artifacts\prepare_callbacks\checkpoint_dir]
[2026-05-20 18:28:21,164: INFO: common: created directory at: artifacts\prepare_callbacks\tensorboard_log_dir]
[2026-05-20 18:28:21,165: INFO: common: created directory at: artifacts\training]
[2026-05-20 18:28:21,285: WARNING: saving_utils: Compiled the loaded model, but the compiled metrics have yet to be built. `model.compile_metrics` will be empty until you train or evaluate the model.]
[2026-05-20 18:28:43,207: INFO: common: yaml file: config\config.yaml loaded successfully]
[2026-05-20 18:28:43,208: INFO: common: yaml file: params.yaml loaded successfully]
[2026-05-20 18:28:43,209: INFO: common: created directory at: artifacts]
[2026-05-20 18:28:43,210: INFO: common: created directory at: artifacts\prepare_callbacks\checkpoint_dir]
[2026-05-20 18:28:43,211: INFO: common: created directory at: artifacts\prepare_callbacks\tensorboard_log_dir]
[2026-05-20 18:28:43,211: INFO: common: created directory at: artifacts\training]
[2026-05-20 18:28:43,395: WARNING: config: TensorFlow GPU support is not available on native Windows for TensorFlow >= 2.11. Even if CUDA/cuDNN are installed, GPU will not be used. Please use WSL2 or the TensorFlow-DirectML plugin.]
[2026-05-20 18:28:43,398: WARNING: saving_utils: Compiled the loaded model, but the compiled metrics have yet to be built. `model.compile_metrics` will be empty until you train or evaluate the model.]
[2026-05-20 18:29:12,447: INFO: common: yaml file: config\config.yaml loaded successfully]
[2026-05-20 18:29:12,448: INFO: common: yaml file: params.yaml loaded successfully]
[2026-05-20 18:29:12,449: INFO: common: created directory at: artifacts]
[2026-05-20 18:29:12,450: INFO: common: created directory at: artifacts\prepare_callbacks\checkpoint_dir]
[2026-05-20 18:29:12,451: INFO: common: created directory at: artifacts\prepare_callbacks\tensorboard_log_dir]
[2026-05-20 18:29:12,452: INFO: common: created directory at: artifacts\training]
[2026-05-20 18:29:12,658: WARNING: config: TensorFlow GPU support is not available on native Windows for TensorFlow >= 2.11. Even if CUDA/cuDNN are installed, GPU will not be used. Please use WSL2 or the TensorFlow-DirectML plugin.]
[2026-05-20 18:29:12,660: WARNING: saving_utils: Compiled the loaded model, but the compiled metrics have yet to be built. `model.compile_metrics` will be empty until you train or evaluate the model.]
[2026-05-20 18:31:00,375: INFO: common: yaml file: config\config.yaml loaded successfully]
[2026-05-20 18:31:00,377: INFO: common: yaml file: params.yaml loaded successfully]
[2026-05-20 18:31:00,378: INFO: common: created directory at: artifacts]
[2026-05-20 18:31:00,379: INFO: common: created directory at: artifacts\prepare_callbacks\checkpoint_dir]
[2026-05-20 18:31:00,379: INFO: common: created directory at: artifacts\prepare_callbacks\tensorboard_log_dir]
[2026-05-20 18:31:00,380: INFO: common: created directory at: artifacts\training]
[2026-05-20 18:32:10,512: INFO: common: yaml file: config\config.yaml loaded successfully]
[2026-05-20 18:32:10,513: INFO: common: yaml file: params.yaml loaded successfully]
[2026-05-20 18:32:10,514: INFO: common: created directory at: artifacts]
[2026-05-20 18:32:10,515: INFO: common: created directory at: artifacts\prepare_callbacks\checkpoint_dir]
[2026-05-20 18:32:10,516: INFO: common: created directory at: artifacts\prepare_callbacks\tensorboard_log_dir]
[2026-05-20 18:32:10,517: INFO: common: created directory at: artifacts\training]
[2026-05-20 18:32:10,705: WARNING: config: TensorFlow GPU support is not available on native Windows for TensorFlow >= 2.11. Even if CUDA/cuDNN are installed, GPU will not be used. Please use WSL2 or the TensorFlow-DirectML plugin.]
[2026-05-20 18:32:46,856: WARNING: saving_api: You are saving your model as an HDF5 file via `model.save()` or `keras.saving.save_model(model)`. This file format is considered legacy. We recommend using instead the native Keras format, e.g. `model.save('my_model.keras')` or `keras.saving.save_model(model, 'my_model.keras')`. ]
[2026-05-20 18:32:51,680: WARNING: saving_api: You are saving your model as an HDF5 file via `model.save()` or `keras.saving.save_model(model)`. This file format is considered legacy. We recommend using instead the native Keras format, e.g. `model.save('my_model.keras')` or `keras.saving.save_model(model, 'my_model.keras')`. ]
[2026-05-20 18:33:12,311: WARNING: saving_api: You are saving your model as an HDF5 file via `model.save()` or `keras.saving.save_model(model)`. This file format is considered legacy. We recommend using instead the native Keras format, e.g. `model.save('my_model.keras')` or `keras.saving.save_model(model, 'my_model.keras')`. ]
[2026-05-20 18:33:36,977: WARNING: saving_api: You are saving your model as an HDF5 file via `model.save()` or `keras.saving.save_model(model)`. This file format is considered legacy. We recommend using instead the native Keras format, e.g. `model.save('my_model.keras')` or `keras.saving.save_model(model, 'my_model.keras')`. ]
